mar. 10, 2025 12:03:59 AM liquibase.changelog
INFO: Reading resource: db/changelog/migrations/db.changelog-202408191938.sql
mar. 10, 2025 12:03:59 AM liquibase.changelog
INFO: Reading resource: db/changelog/migrations/db.changelog-202408210954.sql
mar. 10, 2025 12:03:59 AM liquibase.changelog
INFO: Reading resource: db/changelog/migrations/db.changelog-202408211004.sql
mar. 10, 2025 12:03:59 AM liquibase.changelog
INFO: Reading resource: db/changelog/migrations/db.changelog-202408211005.sql
mar. 10, 2025 12:03:59 AM liquibase.changelog
INFO: Reading resource: db/changelog/migrations/db.changelog-202408281807.sql
mar. 10, 2025 12:03:59 AM liquibase.changelog
INFO: Reading from board.databasechangelog
mar. 10, 2025 12:04:00 AM liquibase.lockservice
INFO: Successfully acquired change log lock
mar. 10, 2025 12:04:00 AM liquibase.command
INFO: Using deploymentId: 1565040018
mar. 10, 2025 12:04:00 AM liquibase.changelog
INFO: Reading from board.databasechangelog
Running Changeset: db/changelog/migrations/db.changelog-202408211005.sql::202408191938::ewerton
mar. 10, 2025 12:04:00 AM liquibase.changelog
SEVERE: ChangeSet db/changelog/migrations/db.changelog-202408211005.sql::202408191938::ewerton encountered an exception.
liquibase.exception.DatabaseException: Key column 'board_id' doesn't exist in table [Failed SQL: (1072) CREATE TABLE BLOCKS(
    id BIGINT AUTO_INCREMENT PRIMARY KEY,
    blocked_at TIMESTAMP default CURRENT_TIMESTAMP,
    block_reason VARCHAR(255) NOT NULL,
    finished_at TIMESTAMP NULL,
    finished_reason VARCHAR(255) NOT NULL,
    unblock_at TIMESTAMP NULL,
    unblock_reason VARCHAR(255) NOT NULL,
    card_id BIGINT NOT NULL,
    CONSTRAINT cards__blocks_fk FOREIGN KEY (board_id) REFERENCES CARDS(id) ON DELETE CASCADE
) ENGINE=InnoDB]
	at liquibase.executor.jvm.JdbcExecutor$ExecuteStatementCallback.doInStatement(JdbcExecutor.java:476)
	at liquibase.executor.jvm.JdbcExecutor.execute(JdbcExecutor.java:83)
	at liquibase.executor.jvm.JdbcExecutor.execute(JdbcExecutor.java:185)
	at liquibase.executor.AbstractExecutor.execute(AbstractExecutor.java:141)
	at liquibase.database.AbstractJdbcDatabase.executeStatements(AbstractJdbcDatabase.java:1189)
	at liquibase.changelog.ChangeSet.execute(ChangeSet.java:775)
	at liquibase.changelog.visitor.UpdateVisitor.executeAcceptedChange(UpdateVisitor.java:119)
	at liquibase.changelog.visitor.UpdateVisitor.visit(UpdateVisitor.java:68)
	at liquibase.changelog.ChangeLogIterator.lambda$run$0(ChangeLogIterator.java:131)
	at liquibase.Scope.lambda$child$0(Scope.java:191)
	at liquibase.Scope.child(Scope.java:200)
	at liquibase.Scope.child(Scope.java:190)
	at liquibase.Scope.child(Scope.java:169)
	at liquibase.changelog.ChangeLogIterator.lambda$run$1(ChangeLogIterator.java:120)
	at liquibase.Scope.lambda$child$0(Scope.java:191)
	at liquibase.Scope.child(Scope.java:200)
	at liquibase.Scope.child(Scope.java:190)
	at liquibase.Scope.child(Scope.java:169)
	at liquibase.Scope.child(Scope.java:257)
	at liquibase.Scope.child(Scope.java:261)
	at liquibase.changelog.ChangeLogIterator.run(ChangeLogIterator.java:89)
	at liquibase.command.core.AbstractUpdateCommandStep.lambda$run$0(AbstractUpdateCommandStep.java:113)
	at liquibase.Scope.lambda$child$0(Scope.java:191)
	at liquibase.Scope.child(Scope.java:200)
	at liquibase.Scope.child(Scope.java:190)
	at liquibase.Scope.child(Scope.java:169)
	at liquibase.command.core.AbstractUpdateCommandStep.run(AbstractUpdateCommandStep.java:111)
	at liquibase.command.core.UpdateCommandStep.run(UpdateCommandStep.java:105)
	at liquibase.command.CommandScope.execute(CommandScope.java:220)
	at liquibase.Liquibase.lambda$update$0(Liquibase.java:216)
	at liquibase.Scope.lambda$child$0(Scope.java:191)
	at liquibase.Scope.child(Scope.java:200)
	at liquibase.Scope.child(Scope.java:190)
	at liquibase.Scope.child(Scope.java:169)
	at liquibase.Liquibase.runInScope(Liquibase.java:1290)
	at liquibase.Liquibase.update(Liquibase.java:205)
	at liquibase.Liquibase.update(Liquibase.java:188)
	at liquibase.Liquibase.update(Liquibase.java:175)
	at liquibase.Liquibase.update(Liquibase.java:155)
	at br.com.dio.persistence.migration.MigrationStrategy.executeMigration(MigrationStrategy.java:37)
	at br.com.dio.ui.Main.main(Main.java:13)
Caused by: java.sql.SQLSyntaxErrorException: Key column 'board_id' doesn't exist in table
	at com.mysql.cj.jdbc.exceptions.SQLError.createSQLException(SQLError.java:121)
	at com.mysql.cj.jdbc.exceptions.SQLExceptionsMapping.translateException(SQLExceptionsMapping.java:122)
	at com.mysql.cj.jdbc.StatementImpl.executeInternal(StatementImpl.java:763)
	at com.mysql.cj.jdbc.StatementImpl.execute(StatementImpl.java:648)
	at liquibase.executor.jvm.JdbcExecutor$ExecuteStatementCallback.doInStatement(JdbcExecutor.java:470)
	... 40 more


UPDATE SUMMARY
Run:                          0
Previously run:               3
Filtered out:                 0
-------------------------------
Total change sets:            5

mar. 10, 2025 12:04:00 AM liquibase.util
INFO: UPDATE SUMMARY
mar. 10, 2025 12:04:00 AM liquibase.util
INFO: Run:                          0
mar. 10, 2025 12:04:00 AM liquibase.util
INFO: Previously run:               3
mar. 10, 2025 12:04:00 AM liquibase.util
INFO: Filtered out:                 0
mar. 10, 2025 12:04:00 AM liquibase.util
INFO: -------------------------------
mar. 10, 2025 12:04:00 AM liquibase.util
INFO: Total change sets:            5
mar. 10, 2025 12:04:00 AM liquibase.util
INFO: Update summary generated
mar. 10, 2025 12:04:00 AM liquibase.command
INFO: Update command encountered an exception.
mar. 10, 2025 12:04:00 AM liquibase.lockservice
INFO: Successfully released change log lock
mar. 10, 2025 12:04:00 AM liquibase.command
INFO: Logging exception.
ERROR: Exception Details
ERROR: Exception Primary Class:  SQLSyntaxErrorException
ERROR: Exception Primary Reason:  Key column 'board_id' doesn't exist in table
ERROR: Exception Primary Source:  MySQL 8.0.41
mar. 10, 2025 12:04:00 AM liquibase.command
INFO: Command execution complete
liquibase.exception.CommandExecutionException: liquibase.exception.LiquibaseException: liquibase.exception.MigrationFailedException: Migration failed for changeset db/changelog/migrations/db.changelog-202408211005.sql::202408191938::ewerton:
     Reason: liquibase.exception.DatabaseException: Key column 'board_id' doesn't exist in table [Failed SQL: (1072) CREATE TABLE BLOCKS(
    id BIGINT AUTO_INCREMENT PRIMARY KEY,
    blocked_at TIMESTAMP default CURRENT_TIMESTAMP,
    block_reason VARCHAR(255) NOT NULL,
    finished_at TIMESTAMP NULL,
    finished_reason VARCHAR(255) NOT NULL,
    unblock_at TIMESTAMP NULL,
    unblock_reason VARCHAR(255) NOT NULL,
    card_id BIGINT NOT NULL,
    CONSTRAINT cards__blocks_fk FOREIGN KEY (board_id) REFERENCES CARDS(id) ON DELETE CASCADE
) ENGINE=InnoDB]
	at liquibase.command.CommandScope.execute(CommandScope.java:258)
	at liquibase.Liquibase.lambda$update$0(Liquibase.java:216)
	at liquibase.Scope.lambda$child$0(Scope.java:191)
	at liquibase.Scope.child(Scope.java:200)
	at liquibase.Scope.child(Scope.java:190)
	at liquibase.Scope.child(Scope.java:169)
	at liquibase.Liquibase.runInScope(Liquibase.java:1290)
	at liquibase.Liquibase.update(Liquibase.java:205)
	at liquibase.Liquibase.update(Liquibase.java:188)
	at liquibase.Liquibase.update(Liquibase.java:175)
	at liquibase.Liquibase.update(Liquibase.java:155)
	at br.com.dio.persistence.migration.MigrationStrategy.executeMigration(MigrationStrategy.java:37)
	at br.com.dio.ui.Main.main(Main.java:13)
Caused by: liquibase.exception.LiquibaseException: liquibase.exception.MigrationFailedException: Migration failed for changeset db/changelog/migrations/db.changelog-202408211005.sql::202408191938::ewerton:
     Reason: liquibase.exception.DatabaseException: Key column 'board_id' doesn't exist in table [Failed SQL: (1072) CREATE TABLE BLOCKS(
    id BIGINT AUTO_INCREMENT PRIMARY KEY,
    blocked_at TIMESTAMP default CURRENT_TIMESTAMP,
    block_reason VARCHAR(255) NOT NULL,
    finished_at TIMESTAMP NULL,
    finished_reason VARCHAR(255) NOT NULL,
    unblock_at TIMESTAMP NULL,
    unblock_reason VARCHAR(255) NOT NULL,
    card_id BIGINT NOT NULL,
    CONSTRAINT cards__blocks_fk FOREIGN KEY (board_id) REFERENCES CARDS(id) ON DELETE CASCADE
) ENGINE=InnoDB]
	at liquibase.changelog.ChangeLogIterator.run(ChangeLogIterator.java:148)
	at liquibase.command.core.AbstractUpdateCommandStep.lambda$run$0(AbstractUpdateCommandStep.java:113)
	at liquibase.Scope.lambda$child$0(Scope.java:191)
	at liquibase.Scope.child(Scope.java:200)
	at liquibase.Scope.child(Scope.java:190)
	at liquibase.Scope.child(Scope.java:169)
	at liquibase.command.core.AbstractUpdateCommandStep.run(AbstractUpdateCommandStep.java:111)
	at liquibase.command.core.UpdateCommandStep.run(UpdateCommandStep.java:105)
	at liquibase.command.CommandScope.execute(CommandScope.java:220)
	... 12 more
Caused by: liquibase.exception.MigrationFailedException: Migration failed for changeset db/changelog/migrations/db.changelog-202408211005.sql::202408191938::ewerton:
     Reason: liquibase.exception.DatabaseException: Key column 'board_id' doesn't exist in table [Failed SQL: (1072) CREATE TABLE BLOCKS(
    id BIGINT AUTO_INCREMENT PRIMARY KEY,
    blocked_at TIMESTAMP default CURRENT_TIMESTAMP,
    block_reason VARCHAR(255) NOT NULL,
    finished_at TIMESTAMP NULL,
    finished_reason VARCHAR(255) NOT NULL,
    unblock_at TIMESTAMP NULL,
    unblock_reason VARCHAR(255) NOT NULL,
    card_id BIGINT NOT NULL,
    CONSTRAINT cards__blocks_fk FOREIGN KEY (board_id) REFERENCES CARDS(id) ON DELETE CASCADE
) ENGINE=InnoDB]
	at liquibase.changelog.ChangeSet.execute(ChangeSet.java:819)
	at liquibase.changelog.visitor.UpdateVisitor.executeAcceptedChange(UpdateVisitor.java:119)
	at liquibase.changelog.visitor.UpdateVisitor.visit(UpdateVisitor.java:68)
	at liquibase.changelog.ChangeLogIterator.lambda$run$0(ChangeLogIterator.java:131)
	at liquibase.Scope.lambda$child$0(Scope.java:191)
	at liquibase.Scope.child(Scope.java:200)
	at liquibase.Scope.child(Scope.java:190)
	at liquibase.Scope.child(Scope.java:169)
	at liquibase.changelog.ChangeLogIterator.lambda$run$1(ChangeLogIterator.java:120)
	at liquibase.Scope.lambda$child$0(Scope.java:191)
	at liquibase.Scope.child(Scope.java:200)
	at liquibase.Scope.child(Scope.java:190)
	at liquibase.Scope.child(Scope.java:169)
	at liquibase.Scope.child(Scope.java:257)
	at liquibase.Scope.child(Scope.java:261)
	at liquibase.changelog.ChangeLogIterator.run(ChangeLogIterator.java:89)
	... 20 more
Caused by: liquibase.exception.DatabaseException: Key column 'board_id' doesn't exist in table [Failed SQL: (1072) CREATE TABLE BLOCKS(
    id BIGINT AUTO_INCREMENT PRIMARY KEY,
    blocked_at TIMESTAMP default CURRENT_TIMESTAMP,
    block_reason VARCHAR(255) NOT NULL,
    finished_at TIMESTAMP NULL,
    finished_reason VARCHAR(255) NOT NULL,
    unblock_at TIMESTAMP NULL,
    unblock_reason VARCHAR(255) NOT NULL,
    card_id BIGINT NOT NULL,
    CONSTRAINT cards__blocks_fk FOREIGN KEY (board_id) REFERENCES CARDS(id) ON DELETE CASCADE
) ENGINE=InnoDB]
	at liquibase.executor.jvm.JdbcExecutor$ExecuteStatementCallback.doInStatement(JdbcExecutor.java:476)
	at liquibase.executor.jvm.JdbcExecutor.execute(JdbcExecutor.java:83)
	at liquibase.executor.jvm.JdbcExecutor.execute(JdbcExecutor.java:185)
	at liquibase.executor.AbstractExecutor.execute(AbstractExecutor.java:141)
	at liquibase.database.AbstractJdbcDatabase.executeStatements(AbstractJdbcDatabase.java:1189)
	at liquibase.changelog.ChangeSet.execute(ChangeSet.java:775)
	... 35 more
Caused by: java.sql.SQLSyntaxErrorException: Key column 'board_id' doesn't exist in table
	at com.mysql.cj.jdbc.exceptions.SQLError.createSQLException(SQLError.java:121)
	at com.mysql.cj.jdbc.exceptions.SQLExceptionsMapping.translateException(SQLExceptionsMapping.java:122)
	at com.mysql.cj.jdbc.StatementImpl.executeInternal(StatementImpl.java:763)
	at com.mysql.cj.jdbc.StatementImpl.execute(StatementImpl.java:648)
	at liquibase.executor.jvm.JdbcExecutor$ExecuteStatementCallback.doInStatement(JdbcExecutor.java:470)
	... 40 more
